<?xml version="1.0" encoding="UTF-8"?>
<!-- Generated by org.testng.reporters.JUnitReportReporter -->
<testsuite hostname="ip-192-168-0-101.ap-southeast-1.compute.internal" name="MessageActionsTest" tests="8" failures="0" timestamp="30 Jul 2018 16:17:44 GMT" time="0.045" errors="0">
  <testcase name="testRandomMessageToPublic_WeightGreaterThan10Pow9_ShouldThrowException" time="0.013" classname="MessageActionsTest"/>
  <testcase name="testRandomMessageToPublic_WeightIs10Pow9_ShouldBePassed" time="0.001" classname="MessageActionsTest"/>
  <testcase name="testRandomMessageToPublic_WeightLessThan0_ShouldThrowException" time="0.003" classname="MessageActionsTest"/>
  <testcase name="testRandomMessageToPublic_WithN_GreaterThan100_ShouldThrowException" time="0.021" classname="MessageActionsTest"/>
  <testcase name="testRandomMessageToPublic_WeightIs0_ShouldBePassed" time="0.004" classname="MessageActionsTest"/>
  <testcase name="testRandomMessageToPublic_WithN_LessThan1_ShouldThrowException" time="0.000" classname="MessageActionsTest"/>
  <testcase name="testRandomMessageToPublic_WithN_is1_ShouldThrowException" time="0.002" classname="MessageActionsTest"/>
  <testcase name="testRandomMessageToPublic_WithN_is100_ShouldThrowException" time="0.001" classname="MessageActionsTest"/>
</testsuite> <!-- MessageActionsTest -->
